<?xml version="1.0" encoding="UTF-8"?>
<testng-results skipped="0" failed="0" ignored="0" total="4" passed="4">
  <reporter-output>
    <line>
      <![CDATA[Element is present]]>
    </line>
    <line>
      <![CDATA[Title is displayedFacebook – log in or sign up]]>
    </line>
    <line>
      <![CDATA[Element is present]]>
    </line>
    <line>
      <![CDATA[Title is displayedInstagram]]>
    </line>
    <line>
      <![CDATA[Element is present]]>
    </line>
    <line>
      <![CDATA[Title is displayedLogin on Twitter]]>
    </line>
    <line>
      <![CDATA[Element is present]]>
    </line>
    <line>
      <![CDATA[Title is displayedSign Up | LinkedIn]]>
    </line>
  </reporter-output>
  <suite name="Suite" duration-ms="79121" started-at="2018-05-23T10:07:35Z" finished-at="2018-05-23T10:08:54Z">
    <groups>
    </groups>
    <test name="Test" duration-ms="79121" started-at="2018-05-23T10:07:35Z" finished-at="2018-05-23T10:08:54Z">
      <class name="tests.Test2">
        <test-method status="PASS" signature="testLaunchBrowser()[pri:0, instance:tests.Test2@17cd7a0]" name="testLaunchBrowser" is-config="true" duration-ms="4627" started-at="2018-05-23T15:37:55Z" finished-at="2018-05-23T15:38:00Z">
          <reporter-output>
          </reporter-output>
        </test-method> <!-- testLaunchBrowser -->
        <test-method status="PASS" signature="testFacebookHome()[pri:0, instance:tests.Test2@17cd7a0]" name="testFacebookHome" duration-ms="11658" started-at="2018-05-23T15:38:00Z" finished-at="2018-05-23T15:38:12Z">
          <reporter-output>
            <line>
              <![CDATA[Element is present]]>
            </line>
            <line>
              <![CDATA[Title is displayedInstagram]]>
            </line>
          </reporter-output>
        </test-method> <!-- testFacebookHome -->
        <test-method status="PASS" signature="testCloseBrowser()[pri:0, instance:tests.Test2@17cd7a0]" name="testCloseBrowser" is-config="true" duration-ms="1085" started-at="2018-05-23T15:38:12Z" finished-at="2018-05-23T15:38:13Z">
          <reporter-output>
          </reporter-output>
        </test-method> <!-- testCloseBrowser -->
      </class> <!-- tests.Test2 -->
      <class name="tests.Test1">
        <test-method status="PASS" signature="testLaunchBrowser()[pri:0, instance:tests.Test1@67ae56]" name="testLaunchBrowser" is-config="true" duration-ms="6970" started-at="2018-05-23T15:37:35Z" finished-at="2018-05-23T15:37:42Z">
          <reporter-output>
          </reporter-output>
        </test-method> <!-- testLaunchBrowser -->
        <test-method status="PASS" signature="testFacebookHome()[pri:0, instance:tests.Test1@67ae56]" name="testFacebookHome" duration-ms="12356" started-at="2018-05-23T15:37:42Z" finished-at="2018-05-23T15:37:55Z">
          <reporter-output>
            <line>
              <![CDATA[Element is present]]>
            </line>
            <line>
              <![CDATA[Title is displayedFacebook – log in or sign up]]>
            </line>
          </reporter-output>
        </test-method> <!-- testFacebookHome -->
        <test-method status="PASS" signature="testCloseBrowser()[pri:0, instance:tests.Test1@67ae56]" name="testCloseBrowser" is-config="true" duration-ms="762" started-at="2018-05-23T15:37:55Z" finished-at="2018-05-23T15:37:55Z">
          <reporter-output>
          </reporter-output>
        </test-method> <!-- testCloseBrowser -->
      </class> <!-- tests.Test1 -->
      <class name="tests.Test4">
        <test-method status="PASS" signature="testLaunchBrowser()[pri:0, instance:tests.Test4@25b2fe]" name="testLaunchBrowser" is-config="true" duration-ms="5510" started-at="2018-05-23T15:38:36Z" finished-at="2018-05-23T15:38:42Z">
          <reporter-output>
          </reporter-output>
        </test-method> <!-- testLaunchBrowser -->
        <test-method status="PASS" signature="testFacebookHome()[pri:0, instance:tests.Test4@25b2fe]" name="testFacebookHome" duration-ms="11713" started-at="2018-05-23T15:38:42Z" finished-at="2018-05-23T15:38:54Z">
          <reporter-output>
            <line>
              <![CDATA[Element is present]]>
            </line>
            <line>
              <![CDATA[Title is displayedSign Up | LinkedIn]]>
            </line>
          </reporter-output>
        </test-method> <!-- testFacebookHome -->
        <test-method status="PASS" signature="testCloseBrowser()[pri:0, instance:tests.Test4@25b2fe]" name="testCloseBrowser" is-config="true" duration-ms="728" started-at="2018-05-23T15:38:54Z" finished-at="2018-05-23T15:38:54Z">
          <reporter-output>
          </reporter-output>
        </test-method> <!-- testCloseBrowser -->
      </class> <!-- tests.Test4 -->
      <class name="tests.Test3">
        <test-method status="PASS" signature="testLaunchBrowser()[pri:0, instance:tests.Test3@4f30ec]" name="testLaunchBrowser" is-config="true" duration-ms="5318" started-at="2018-05-23T15:38:13Z" finished-at="2018-05-23T15:38:18Z">
          <reporter-output>
          </reporter-output>
        </test-method> <!-- testLaunchBrowser -->
        <test-method status="PASS" signature="testFacebookHome()[pri:0, instance:tests.Test3@4f30ec]" name="testFacebookHome" duration-ms="17463" started-at="2018-05-23T15:38:18Z" finished-at="2018-05-23T15:38:36Z">
          <reporter-output>
            <line>
              <![CDATA[Element is present]]>
            </line>
            <line>
              <![CDATA[Title is displayedLogin on Twitter]]>
            </line>
          </reporter-output>
        </test-method> <!-- testFacebookHome -->
        <test-method status="PASS" signature="testCloseBrowser()[pri:0, instance:tests.Test3@4f30ec]" name="testCloseBrowser" is-config="true" duration-ms="816" started-at="2018-05-23T15:38:36Z" finished-at="2018-05-23T15:38:36Z">
          <reporter-output>
          </reporter-output>
        </test-method> <!-- testCloseBrowser -->
      </class> <!-- tests.Test3 -->
    </test> <!-- Test -->
  </suite> <!-- Suite -->
</testng-results>
