<?xml version="1.0" encoding="UTF-8"?>
<!-- Generated by org.testng.reporters.JUnitXMLReporter -->
<testsuite hostname="USER-PC" ignored="0" name="Test" tests="4" failures="0" timestamp="23 May 2018 10:08:54 GMT" time="79.121" errors="0">
  <testcase name="testFacebookHome" time="12.356" classname="tests.Test1"/>
  <testcase name="testFacebookHome" time="11.658" classname="tests.Test2"/>
  <testcase name="testFacebookHome" time="17.463" classname="tests.Test3"/>
  <testcase name="testFacebookHome" time="11.713" classname="tests.Test4"/>
</testsuite> <!-- Test -->
