<?xml version="1.0" encoding="UTF-8"?>
<!-- Generated by org.testng.reporters.JUnitXMLReporter -->
<testsuite hostname="USER-PC" name="Test" tests="4" failures="0" timestamp="23 May 2018 10:12:26 GMT" time="95.923" errors="0">
  <testcase name="testFacebookHome" time="16.278" classname="tests.Test1"/>
  <testcase name="testFacebookHome" time="25.431" classname="tests.Test2"/>
  <testcase name="testFacebookHome" time="16.89" classname="tests.Test3"/>
  <testcase name="testFacebookHome" time="10.933" classname="tests.Test4"/>
</testsuite> <!-- Test -->
